-------------------------------------------------------------------------------
Test set: com.automation.pages.runners.SimpleRunner
-------------------------------------------------------------------------------
Tests run: 2, Failures: 1, Errors: 0, Skipped: 0, Time elapsed: 52.45 s <<< FAILURE! -- in com.automation.pages.runners.SimpleRunner
com.automation.pages.runners.SimpleRunner.runScenario["Succesfull login", "implementing login functionality"](1) -- Time elapsed: 32.72 s <<< FAILURE!
java.lang.ArithmeticException: / by zero
	at com.automation.stepDefinitions.FirebaseStepDefinition.i_should_be_able_to_see_homepage(FirebaseStepDefinition.java:140)
	at âœ½.i should be able to see homepage(file:///C:/Users/arasu/eclipse-workspace/SeleniumFrameworkPOMCucumber/src/test/resources/features/firebase2.feature:12)

